Using pre-set license
Built from '2020.3/staging' branch; Version is '2020.3.11f1 (99c7afb366b3) revision 10078127'; Using compiler version '192528614'; Build Type 'Release'
OS: 'Windows 10 Home; OS build 19042.1083; Version 2009; 64bit' Language: 'en' Physical Memory: 15741 MB
BatchMode: 1, IsHumanControllingUs: 0, StartBugReporterOnCrash: 0, Is64bit: 1, IsPro: 0

 COMMAND LINE ARGUMENTS:
C:\Program Files\Unity\Hub\Editor\2020.3.11f1\Editor\Unity.exe
-adb2
-batchMode
-noUpm
-name
AssetImportWorker2
-projectPath
C:/Users/Mads T.F. Knudsen/Documents/GitHub/Pokemon-Clone/Pokemon
-logFile
Logs/AssetImportWorker2.log
-srvPort
50486
Successfully changed project path to: C:/Users/Mads T.F. Knudsen/Documents/GitHub/Pokemon-Clone/Pokemon
C:/Users/Mads T.F. Knudsen/Documents/GitHub/Pokemon-Clone/Pokemon
Using Asset Import Pipeline V2.
Refreshing native plugins compatible for Editor in 29.09 ms, found 2 plugins.
Preloading 0 native plugins for Editor in 0.00 ms.
Initialize engine version: 2020.3.11f1 (99c7afb366b3)
[Subsystems] Discovering subsystems at path C:/Program Files/Unity/Hub/Editor/2020.3.11f1/Editor/Data/Resources/UnitySubsystems
[Subsystems] Discovering subsystems at path C:/Users/Mads T.F. Knudsen/Documents/GitHub/Pokemon-Clone/Pokemon/Assets
GfxDevice: creating device client; threaded=0
Direct3D:
    Version:  Direct3D 11.0 [level 11.1]
    Renderer: NVIDIA GeForce RTX 2060 (ID=0x1f15)
    Vendor:   
    VRAM:     5980 MB
    Driver:   30.0.14.7111
Initialize mono
Mono path[0] = 'C:/Program Files/Unity/Hub/Editor/2020.3.11f1/Editor/Data/Managed'
Mono path[1] = 'C:/Program Files/Unity/Hub/Editor/2020.3.11f1/Editor/Data/MonoBleedingEdge/lib/mono/unityjit'
Mono config path = 'C:/Program Files/Unity/Hub/Editor/2020.3.11f1/Editor/Data/MonoBleedingEdge/etc'
Using monoOptions --debugger-agent=transport=dt_socket,embedding=1,server=y,suspend=n,address=127.0.0.1:56160
Begin MonoManager ReloadAssembly
Registering precompiled unity dll's ...
Register platform support module: C:/Program Files/Unity/Hub/Editor/2020.3.11f1/Editor/Data/PlaybackEngines/WindowsStandaloneSupport/UnityEditor.WindowsStandalone.Extensions.dll
Registered in 0.002234 seconds.
Native extension for WindowsStandalone target not found
Refreshing native plugins compatible for Editor in 28.18 ms, found 2 plugins.
Preloading 0 native plugins for Editor in 0.00 ms.
Mono: successfully reloaded assembly
- Completed reload, in  1.151 seconds
Platform modules already initialized, skipping
Registering precompiled user dll's ...
Registered in 0.004133 seconds.
Begin MonoManager ReloadAssembly
Native extension for WindowsStandalone target not found
Refreshing native plugins compatible for Editor in 0.34 ms, found 2 plugins.
Preloading 0 native plugins for Editor in 0.00 ms.
Mono: successfully reloaded assembly
- Completed reload, in  0.862 seconds
Platform modules already initialized, skipping
========================================================================
Worker process is ready to serve import requests
Launched and connected shader compiler UnityShaderCompiler.exe after 0.06 seconds
Refreshing native plugins compatible for Editor in 0.33 ms, found 2 plugins.
Preloading 0 native plugins for Editor in 0.00 ms.
Unloading 1627 Unused Serialized files (Serialized files now loaded: 0)
System memory in use before: 74.7 MB.
System memory in use after: 74.8 MB.

Unloading 18 unused Assets to reduce memory usage. Loaded Objects now: 2062.
Total: 1.946300 ms (FindLiveObjects: 0.211100 ms CreateObjectMapping: 0.035600 ms MarkObjects: 1.618200 ms  DeleteObjects: 0.078500 ms)

========================================================================
Received Import Request.
  path: Assets/Scripts/Pokemons/Weather
  artifactKey: Guid(a5c8dd84509762649a8fad8c4949f468) Importer(815301076,1909f56bfc062723c751e8b465ee728b)
Start importing Assets/Scripts/Pokemons/Weather using Guid(a5c8dd84509762649a8fad8c4949f468) Importer(815301076,1909f56bfc062723c751e8b465ee728b)  -> (artifact id: '21b7a559369b73c58f2b78a82e4b6ae9') in 0.004778 seconds
  Import took 0.007300 seconds .

========================================================================
Received Import Request.
  Time since last request: 0.000199 seconds.
  path: Assets/Scripts/Pokemons
  artifactKey: Guid(3ebb2ddd342cd8145ae49d555fa0f505) Importer(815301076,1909f56bfc062723c751e8b465ee728b)
Start importing Assets/Scripts/Pokemons using Guid(3ebb2ddd342cd8145ae49d555fa0f505) Importer(815301076,1909f56bfc062723c751e8b465ee728b)  -> (artifact id: 'dfd3444d433eb6efe152b6c9947aa803') in 0.002826 seconds
  Import took 0.005046 seconds .

========================================================================
Received Import Request.
  Time since last request: 31.630474 seconds.
  path: Assets/Scripts/Pokémon/Abilities
  artifactKey: Guid(846aa88e52a52494ea0ec82079521344) Importer(815301076,1909f56bfc062723c751e8b465ee728b)
Start importing Assets/Scripts/Pokémon/Abilities using Guid(846aa88e52a52494ea0ec82079521344) Importer(815301076,1909f56bfc062723c751e8b465ee728b)  -> (artifact id: '7fa0fcc230b24985758fd805a50e03dc') in 0.002978 seconds
  Import took 0.005419 seconds .

========================================================================
Received Import Request.
  Time since last request: 40.806667 seconds.
  path: Assets/Scripts/Pokémon/Abilities/Guts.cs
  artifactKey: Guid(ea652d66c007ac54d972b310aec3bc30) Importer(815301076,1909f56bfc062723c751e8b465ee728b)
Start importing Assets/Scripts/Pokémon/Abilities/Guts.cs using Guid(ea652d66c007ac54d972b310aec3bc30) Importer(815301076,1909f56bfc062723c751e8b465ee728b)  -> (artifact id: '9dc3f5b021f073359a6f0f0c68b1c1ce') in 0.018413 seconds
  Import took 0.021062 seconds .

========================================================================
Received Import Request.
  Time since last request: 0.000878 seconds.
  path: Assets/Scripts/Pokémon/Abilities/Guts.cs
  artifactKey: Guid(ea652d66c007ac54d972b310aec3bc30) Importer(815301076,1909f56bfc062723c751e8b465ee728b)
Start importing Assets/Scripts/Pokémon/Abilities/Guts.cs using Guid(ea652d66c007ac54d972b310aec3bc30) Importer(815301076,1909f56bfc062723c751e8b465ee728b)  -> (artifact id: '9dc3f5b021f073359a6f0f0c68b1c1ce') in 0.002830 seconds
  Import took 0.005397 seconds .

========================================================================
Received Prepare
Registering precompiled user dll's ...
Registered in 0.003865 seconds.
Begin MonoManager ReloadAssembly
Native extension for WindowsStandalone target not found
Refreshing native plugins compatible for Editor in 0.65 ms, found 2 plugins.
Preloading 0 native plugins for Editor in 0.00 ms.
Mono: successfully reloaded assembly
- Completed reload, in  0.833 seconds
Platform modules already initialized, skipping
Refreshing native plugins compatible for Editor in 0.34 ms, found 2 plugins.
Preloading 0 native plugins for Editor in 0.00 ms.
Unloading 1609 Unused Serialized files (Serialized files now loaded: 0)
System memory in use before: 73.4 MB.
System memory in use after: 73.5 MB.

Unloading 13 unused Assets to reduce memory usage. Loaded Objects now: 2065.
Total: 2.233200 ms (FindLiveObjects: 0.229700 ms CreateObjectMapping: 0.064700 ms MarkObjects: 1.918800 ms  DeleteObjects: 0.018300 ms)

========================================================================
Received Import Request.
  Time since last request: 701.127963 seconds.
  path: Assets/Scripts/Pokémon/Abilities/Guts.cs
  artifactKey: Guid(ea652d66c007ac54d972b310aec3bc30) Importer(815301076,1909f56bfc062723c751e8b465ee728b)
Start importing Assets/Scripts/Pokémon/Abilities/Guts.cs using Guid(ea652d66c007ac54d972b310aec3bc30) Importer(815301076,1909f56bfc062723c751e8b465ee728b)  -> (artifact id: '223ee5824835264fa313792cb30fd342') in 0.009172 seconds
  Import took 0.012269 seconds .

========================================================================
Received Import Request.
  Time since last request: 0.002413 seconds.
  path: Assets/Scripts/Pokémon/Abilities/Guts.cs
  artifactKey: Guid(ea652d66c007ac54d972b310aec3bc30) Importer(815301076,1909f56bfc062723c751e8b465ee728b)
Start importing Assets/Scripts/Pokémon/Abilities/Guts.cs using Guid(ea652d66c007ac54d972b310aec3bc30) Importer(815301076,1909f56bfc062723c751e8b465ee728b)  -> (artifact id: '223ee5824835264fa313792cb30fd342') in 0.002637 seconds
  Import took 0.005893 seconds .

========================================================================
Received Prepare
Registering precompiled user dll's ...
Registered in 0.003540 seconds.
Begin MonoManager ReloadAssembly
Native extension for WindowsStandalone target not found
Refreshing native plugins compatible for Editor in 0.34 ms, found 2 plugins.
Preloading 0 native plugins for Editor in 0.00 ms.
Mono: successfully reloaded assembly
- Completed reload, in  0.808 seconds
Platform modules already initialized, skipping
Refreshing native plugins compatible for Editor in 0.39 ms, found 2 plugins.
Preloading 0 native plugins for Editor in 0.00 ms.
Unloading 1609 Unused Serialized files (Serialized files now loaded: 0)
System memory in use before: 73.4 MB.
System memory in use after: 73.5 MB.

Unloading 13 unused Assets to reduce memory usage. Loaded Objects now: 2067.
Total: 2.302500 ms (FindLiveObjects: 0.234200 ms CreateObjectMapping: 0.071800 ms MarkObjects: 1.974700 ms  DeleteObjects: 0.020000 ms)

========================================================================
Received Import Request.
  Time since last request: 957.116265 seconds.
  path: Assets/Scripts/Pokémon/Abilities/Levitate.cs
  artifactKey: Guid(e7d043e473f42a447bb80303df760591) Importer(815301076,1909f56bfc062723c751e8b465ee728b)
Start importing Assets/Scripts/Pokémon/Abilities/Levitate.cs using Guid(e7d043e473f42a447bb80303df760591) Importer(815301076,1909f56bfc062723c751e8b465ee728b)  -> (artifact id: 'fc448210585c6586f6dbad245d3995a2') in 0.005179 seconds
  Import took 0.007670 seconds .

========================================================================
Received Prepare
Registering precompiled user dll's ...
Registered in 0.003551 seconds.
Begin MonoManager ReloadAssembly
Native extension for WindowsStandalone target not found
Refreshing native plugins compatible for Editor in 0.35 ms, found 2 plugins.
Preloading 0 native plugins for Editor in 0.00 ms.
Mono: successfully reloaded assembly
- Completed reload, in  0.835 seconds
Platform modules already initialized, skipping
Refreshing native plugins compatible for Editor in 0.36 ms, found 2 plugins.
Preloading 0 native plugins for Editor in 0.00 ms.
Unloading 1610 Unused Serialized files (Serialized files now loaded: 0)
System memory in use before: 73.4 MB.
System memory in use after: 73.5 MB.

Unloading 13 unused Assets to reduce memory usage. Loaded Objects now: 2070.
Total: 2.040400 ms (FindLiveObjects: 0.246000 ms CreateObjectMapping: 0.067000 ms MarkObjects: 1.705800 ms  DeleteObjects: 0.019200 ms)

========================================================================
Received Import Request.
  Time since last request: 1675.048817 seconds.
  path: Assets/Scripts/Pokémon/Abilities/Levitate.cs
  artifactKey: Guid(e7d043e473f42a447bb80303df760591) Importer(815301076,1909f56bfc062723c751e8b465ee728b)
Start importing Assets/Scripts/Pokémon/Abilities/Levitate.cs using Guid(e7d043e473f42a447bb80303df760591) Importer(815301076,1909f56bfc062723c751e8b465ee728b)  -> (artifact id: '7cb5bd175d7183b2e924c77cf9dbd15d') in 0.006113 seconds
  Import took 0.009163 seconds .

========================================================================
Received Import Request.
  Time since last request: 0.003390 seconds.
  path: Assets/Scripts/Pokémon/Abilities/Levitate.cs
  artifactKey: Guid(e7d043e473f42a447bb80303df760591) Importer(815301076,1909f56bfc062723c751e8b465ee728b)
Start importing Assets/Scripts/Pokémon/Abilities/Levitate.cs using Guid(e7d043e473f42a447bb80303df760591) Importer(815301076,1909f56bfc062723c751e8b465ee728b)  -> (artifact id: '7cb5bd175d7183b2e924c77cf9dbd15d') in 0.002815 seconds
  Import took 0.005187 seconds .

========================================================================
Received Prepare
Registering precompiled user dll's ...
Registered in 0.004348 seconds.
Begin MonoManager ReloadAssembly
Native extension for WindowsStandalone target not found
Refreshing native plugins compatible for Editor in 0.34 ms, found 2 plugins.
Preloading 0 native plugins for Editor in 0.00 ms.
Mono: successfully reloaded assembly
- Completed reload, in  0.803 seconds
Platform modules already initialized, skipping
Refreshing native plugins compatible for Editor in 0.34 ms, found 2 plugins.
Preloading 0 native plugins for Editor in 0.00 ms.
Unloading 1610 Unused Serialized files (Serialized files now loaded: 0)
System memory in use before: 73.4 MB.
System memory in use after: 73.5 MB.

Unloading 13 unused Assets to reduce memory usage. Loaded Objects now: 2072.
Total: 2.309200 ms (FindLiveObjects: 0.226400 ms CreateObjectMapping: 0.072900 ms MarkObjects: 1.988200 ms  DeleteObjects: 0.020300 ms)

========================================================================
Received Import Request.
  Time since last request: 963.706879 seconds.
  path: Assets/Scripts/Pokémon/Abilities/Levitate.cs
  artifactKey: Guid(e7d043e473f42a447bb80303df760591) Importer(815301076,1909f56bfc062723c751e8b465ee728b)
Start importing Assets/Scripts/Pokémon/Abilities/Levitate.cs using Guid(e7d043e473f42a447bb80303df760591) Importer(815301076,1909f56bfc062723c751e8b465ee728b)  -> (artifact id: 'd4ccec226905c4f5f6e4eb684611224e') in 0.005679 seconds
  Import took 0.008434 seconds .

========================================================================
Received Prepare
Registering precompiled user dll's ...
Registered in 0.004606 seconds.
Begin MonoManager ReloadAssembly
Native extension for WindowsStandalone target not found
Refreshing native plugins compatible for Editor in 0.34 ms, found 2 plugins.
Preloading 0 native plugins for Editor in 0.00 ms.
Mono: successfully reloaded assembly
- Completed reload, in  0.786 seconds
Platform modules already initialized, skipping
Refreshing native plugins compatible for Editor in 0.34 ms, found 2 plugins.
Preloading 0 native plugins for Editor in 0.00 ms.
Unloading 1610 Unused Serialized files (Serialized files now loaded: 0)
System memory in use before: 73.4 MB.
System memory in use after: 73.6 MB.

Unloading 13 unused Assets to reduce memory usage. Loaded Objects now: 2074.
Total: 2.484800 ms (FindLiveObjects: 0.224800 ms CreateObjectMapping: 0.067000 ms MarkObjects: 2.174100 ms  DeleteObjects: 0.017500 ms)

========================================================================
Received Prepare
Registering precompiled user dll's ...
Registered in 0.004049 seconds.
Begin MonoManager ReloadAssembly
Native extension for WindowsStandalone target not found
Refreshing native plugins compatible for Editor in 0.36 ms, found 2 plugins.
Preloading 0 native plugins for Editor in 0.00 ms.
Mono: successfully reloaded assembly
- Completed reload, in  0.789 seconds
Platform modules already initialized, skipping
Refreshing native plugins compatible for Editor in 0.34 ms, found 2 plugins.
Preloading 0 native plugins for Editor in 0.00 ms.
Unloading 1610 Unused Serialized files (Serialized files now loaded: 0)
System memory in use before: 73.5 MB.
System memory in use after: 73.6 MB.

Unloading 13 unused Assets to reduce memory usage. Loaded Objects now: 2076.
Total: 2.628100 ms (FindLiveObjects: 0.217300 ms CreateObjectMapping: 0.069300 ms MarkObjects: 2.320100 ms  DeleteObjects: 0.019500 ms)

========================================================================
Received Import Request.
  Time since last request: 145.809281 seconds.
  path: Assets/Scripts/Pokémon/HiddenAbility.cs
  artifactKey: Guid(1e6505ca500f1d14fb9fc3b1a94195ba) Importer(815301076,1909f56bfc062723c751e8b465ee728b)
Start importing Assets/Scripts/Pokémon/HiddenAbility.cs using Guid(1e6505ca500f1d14fb9fc3b1a94195ba) Importer(815301076,1909f56bfc062723c751e8b465ee728b)  -> (artifact id: '9be383f557d42fc41d074b01d375f1a7') in 0.004537 seconds
  Import took 0.006901 seconds .

========================================================================
Received Prepare
Registering precompiled user dll's ...
Registered in 0.003951 seconds.
Begin MonoManager ReloadAssembly
Native extension for WindowsStandalone target not found
Refreshing native plugins compatible for Editor in 0.35 ms, found 2 plugins.
Preloading 0 native plugins for Editor in 0.00 ms.
Mono: successfully reloaded assembly
- Completed reload, in  0.801 seconds
Platform modules already initialized, skipping
Refreshing native plugins compatible for Editor in 0.34 ms, found 2 plugins.
Preloading 0 native plugins for Editor in 0.00 ms.
Unloading 1609 Unused Serialized files (Serialized files now loaded: 0)
System memory in use before: 73.4 MB.
System memory in use after: 73.5 MB.

Unloading 13 unused Assets to reduce memory usage. Loaded Objects now: 2078.
Total: 2.068500 ms (FindLiveObjects: 0.167900 ms CreateObjectMapping: 0.037500 ms MarkObjects: 1.836100 ms  DeleteObjects: 0.025800 ms)

========================================================================
Received Import Request.
  Time since last request: 33.985359 seconds.
  path: Assets/ScriptableObjects/Ability/Guts.asset
  artifactKey: Guid(086c845accb275f4180d7c33c68adf34) Importer(815301076,1909f56bfc062723c751e8b465ee728b)
Start importing Assets/ScriptableObjects/Ability/Guts.asset using Guid(086c845accb275f4180d7c33c68adf34) Importer(815301076,1909f56bfc062723c751e8b465ee728b)  -> (artifact id: 'aaac3f3a03f3a6f186da6332541b460c') in 0.039885 seconds
  Import took 0.043384 seconds .

========================================================================
Received Prepare
Registering precompiled user dll's ...
Registered in 0.004073 seconds.
Begin MonoManager ReloadAssembly
Native extension for WindowsStandalone target not found
Refreshing native plugins compatible for Editor in 0.36 ms, found 2 plugins.
Preloading 0 native plugins for Editor in 0.00 ms.
Mono: successfully reloaded assembly
- Completed reload, in  0.862 seconds
Platform modules already initialized, skipping
Refreshing native plugins compatible for Editor in 0.53 ms, found 2 plugins.
Preloading 0 native plugins for Editor in 0.00 ms.
Unloading 1609 Unused Serialized files (Serialized files now loaded: 0)
System memory in use before: 73.5 MB.
System memory in use after: 73.6 MB.

Unloading 13 unused Assets to reduce memory usage. Loaded Objects now: 2080.
Total: 2.155100 ms (FindLiveObjects: 0.219700 ms CreateObjectMapping: 0.075000 ms MarkObjects: 1.838100 ms  DeleteObjects: 0.020600 ms)

========================================================================
Received Prepare
Registering precompiled user dll's ...
Registered in 0.004082 seconds.
Begin MonoManager ReloadAssembly
Native extension for WindowsStandalone target not found
Refreshing native plugins compatible for Editor in 0.35 ms, found 2 plugins.
Preloading 0 native plugins for Editor in 0.00 ms.
Mono: successfully reloaded assembly
- Completed reload, in  0.790 seconds
Platform modules already initialized, skipping
Refreshing native plugins compatible for Editor in 0.34 ms, found 2 plugins.
Preloading 0 native plugins for Editor in 0.00 ms.
Unloading 1609 Unused Serialized files (Serialized files now loaded: 0)
System memory in use before: 73.5 MB.
System memory in use after: 73.6 MB.

Unloading 13 unused Assets to reduce memory usage. Loaded Objects now: 2082.
Total: 1.782100 ms (FindLiveObjects: 0.177900 ms CreateObjectMapping: 0.034900 ms MarkObjects: 1.547600 ms  DeleteObjects: 0.019800 ms)

========================================================================
Received Prepare
Registering precompiled user dll's ...
Registered in 0.004041 seconds.
Begin MonoManager ReloadAssembly
Native extension for WindowsStandalone target not found
Refreshing native plugins compatible for Editor in 0.34 ms, found 2 plugins.
Preloading 0 native plugins for Editor in 0.00 ms.
Mono: successfully reloaded assembly
- Completed reload, in  0.814 seconds
Platform modules already initialized, skipping
Refreshing native plugins compatible for Editor in 0.34 ms, found 2 plugins.
Preloading 0 native plugins for Editor in 0.00 ms.
Unloading 1609 Unused Serialized files (Serialized files now loaded: 0)
System memory in use before: 73.5 MB.
System memory in use after: 73.6 MB.

Unloading 13 unused Assets to reduce memory usage. Loaded Objects now: 2084.
Total: 2.150900 ms (FindLiveObjects: 0.173200 ms CreateObjectMapping: 0.035800 ms MarkObjects: 1.919300 ms  DeleteObjects: 0.020700 ms)

========================================================================
Received Prepare
Registering precompiled user dll's ...
Registered in 0.004426 seconds.
Begin MonoManager ReloadAssembly
Native extension for WindowsStandalone target not found
Refreshing native plugins compatible for Editor in 0.35 ms, found 2 plugins.
Preloading 0 native plugins for Editor in 0.00 ms.
Mono: successfully reloaded assembly
- Completed reload, in  0.823 seconds
Platform modules already initialized, skipping
Refreshing native plugins compatible for Editor in 0.35 ms, found 2 plugins.
Preloading 0 native plugins for Editor in 0.00 ms.
Unloading 1609 Unused Serialized files (Serialized files now loaded: 0)
System memory in use before: 73.5 MB.
System memory in use after: 73.6 MB.

Unloading 13 unused Assets to reduce memory usage. Loaded Objects now: 2086.
Total: 2.288200 ms (FindLiveObjects: 0.251400 ms CreateObjectMapping: 0.069000 ms MarkObjects: 1.943300 ms  DeleteObjects: 0.022400 ms)

========================================================================
Received Prepare
Registering precompiled user dll's ...
Registered in 0.004438 seconds.
Begin MonoManager ReloadAssembly
Native extension for WindowsStandalone target not found
Refreshing native plugins compatible for Editor in 0.36 ms, found 2 plugins.
Preloading 0 native plugins for Editor in 0.00 ms.
Mono: successfully reloaded assembly
- Completed reload, in  0.796 seconds
Platform modules already initialized, skipping
Refreshing native plugins compatible for Editor in 0.34 ms, found 2 plugins.
Preloading 0 native plugins for Editor in 0.00 ms.
Unloading 1609 Unused Serialized files (Serialized files now loaded: 0)
System memory in use before: 73.5 MB.
System memory in use after: 73.6 MB.

Unloading 13 unused Assets to reduce memory usage. Loaded Objects now: 2088.
Total: 1.811100 ms (FindLiveObjects: 0.170100 ms CreateObjectMapping: 0.035100 ms MarkObjects: 1.582300 ms  DeleteObjects: 0.022200 ms)

========================================================================
Received Prepare
Registering precompiled user dll's ...
Registered in 0.003706 seconds.
Begin MonoManager ReloadAssembly
Native extension for WindowsStandalone target not found
Refreshing native plugins compatible for Editor in 0.35 ms, found 2 plugins.
Preloading 0 native plugins for Editor in 0.00 ms.
Mono: successfully reloaded assembly
- Completed reload, in  0.876 seconds
Platform modules already initialized, skipping
Refreshing native plugins compatible for Editor in 0.34 ms, found 2 plugins.
Preloading 0 native plugins for Editor in 0.00 ms.
Unloading 1609 Unused Serialized files (Serialized files now loaded: 0)
System memory in use before: 73.5 MB.
System memory in use after: 73.6 MB.

Unloading 13 unused Assets to reduce memory usage. Loaded Objects now: 2090.
Total: 2.409900 ms (FindLiveObjects: 0.236100 ms CreateObjectMapping: 0.069000 ms MarkObjects: 2.082300 ms  DeleteObjects: 0.020500 ms)

========================================================================
Received Prepare
Registering precompiled user dll's ...
Registered in 0.003818 seconds.
Begin MonoManager ReloadAssembly
Native extension for WindowsStandalone target not found
Refreshing native plugins compatible for Editor in 0.36 ms, found 2 plugins.
Preloading 0 native plugins for Editor in 0.00 ms.
Mono: successfully reloaded assembly
- Completed reload, in  0.860 seconds
Platform modules already initialized, skipping
Refreshing native plugins compatible for Editor in 0.49 ms, found 2 plugins.
Preloading 0 native plugins for Editor in 0.00 ms.
Unloading 1609 Unused Serialized files (Serialized files now loaded: 0)
System memory in use before: 73.5 MB.
System memory in use after: 73.6 MB.

Unloading 13 unused Assets to reduce memory usage. Loaded Objects now: 2092.
Total: 2.230100 ms (FindLiveObjects: 0.175200 ms CreateObjectMapping: 0.034300 ms MarkObjects: 1.990300 ms  DeleteObjects: 0.028600 ms)

========================================================================
Received Prepare
Registering precompiled user dll's ...
Registered in 0.003839 seconds.
Begin MonoManager ReloadAssembly
Native extension for WindowsStandalone target not found
Refreshing native plugins compatible for Editor in 0.35 ms, found 2 plugins.
Preloading 0 native plugins for Editor in 0.00 ms.
Mono: successfully reloaded assembly
- Completed reload, in  0.860 seconds
Platform modules already initialized, skipping
Refreshing native plugins compatible for Editor in 0.49 ms, found 2 plugins.
Preloading 0 native plugins for Editor in 0.00 ms.
Unloading 1609 Unused Serialized files (Serialized files now loaded: 0)
System memory in use before: 73.5 MB.
System memory in use after: 73.6 MB.

Unloading 13 unused Assets to reduce memory usage. Loaded Objects now: 2094.
Total: 1.702800 ms (FindLiveObjects: 0.179100 ms CreateObjectMapping: 0.034500 ms MarkObjects: 1.469900 ms  DeleteObjects: 0.018000 ms)

AssetImportWorkerClient::OnTransportError - code=2 error=End of file
